
xv6 kernel is booting

hart 1 starting
hart 2 starting
init: starting sh
$ pingpong 10 & ; pingpong 10 & ; pingpong 20 ; echo DONE
ping
	pong
ping
	pong
ping
	pong
ping
	pong
ping
	pong
ping
	pong
ping
	pong
ping
	pong
ping
	pong
ping
	pong
ping
	pong
ping
	pong
ping
	pong
ping
	pong
ping
	pong
ping
	pong
ping
	pong
ping
	pong
ping
	pong
ping
	pong
ping
	pong
ping
	pong
ping
	pong
ping
	pong
ping
	pong
ping
	pong
ping
	pong
ping
	pong
ping
	pong
ping
	pong
ping
	pong
ping
	pong
ping
	pong
ping
	pong
ping
	pong
ping
	pong
ping
	pong
ping
	pong
ping
	pong
ping
	pong
DONE
$ qemu-system-riscv64: terminating on signal 15 from pid 14954 (make)
